<?xml version='1.0'?>
<ns2:test-suite xmlns:ns2='urn:model.allure.qatools.yandex.ru' start='1655106116628' stop='1655106141555'>
    <name>Registration functionlity for Answerforce US: Register in AnsewerForce with valid data</name>
    <title>Registration functionlity for Answerforce US: Register in AnsewerForce with valid data</title>
    <test-cases>
        <test-case start='1655106116632' status='passed' stop='1655106116641'>
            <name></name>
            <title></title>
            <labels>
                <label name='language' value='javascript'/>
                <label name='framework' value='wdio'/>
                <label name='thread' value='0-0'/>
            </labels>
            <parameters>
                <parameter kind='argument' name='browser' value='chrome-102.0.5005.63'/>
            </parameters>
            <steps/>
            <attachments/>
        </test-case>
        <test-case start='1655106116642' status='passed' stop='1655106116668'>
            <name>Given I am on the home page and I Navigate to the Register page</name>
            <title>Given I am on the home page and I Navigate to the Register page</title>
            <labels>
                <label name='language' value='javascript'/>
                <label name='framework' value='wdio'/>
                <label name='thread' value='0-0'/>
            </labels>
            <parameters>
                <parameter kind='argument' name='browser' value='chrome-102.0.5005.63'/>
            </parameters>
            <steps/>
            <attachments/>
        </test-case>
        <test-case start='1655106116669' status='passed' stop='1655106125046'>
            <name>When I set the value for All mandantory fields</name>
            <title>When I set the value for All mandantory fields</title>
            <labels>
                <label name='language' value='javascript'/>
                <label name='framework' value='wdio'/>
                <label name='thread' value='0-0'/>
            </labels>
            <parameters>
                <parameter kind='argument' name='browser' value='chrome-102.0.5005.63'/>
            </parameters>
            <steps/>
            <attachments/>
        </test-case>
        <test-case start='1655106125047' status='failed' stop='1655106141550'>
            <name>Then I click the choose plan Button and verify the given details</name>
            <title>Then I click the choose plan Button and verify the given details</title>
            <labels>
                <label name='language' value='javascript'/>
                <label name='framework' value='wdio'/>
                <label name='thread' value='0-0'/>
            </labels>
            <parameters>
                <parameter kind='argument' name='browser' value='chrome-102.0.5005.63'/>
            </parameters>
            <steps/>
            <attachments/>
            <failure>
                <message>AssertionError: expected undefined to equal 'Full'</message>
                <stack-trace>AssertionError: expected undefined to equal 'Full'
                    at ChoosePlan_Singup.verify_All_RegistrationData_For_AnswerForce (F:\LearnAutomationPractice\pageobjects\/signup.page.js:74:12)
                    at processTicksAndRejections (node:internal/process/task_queues:96:5)
                    at World.&lt;anonymous> (F:\LearnAutomationPractice\step-definitions\Registration\/AnswerForceUS_Registration.js:21:3)</stack-trace>
            </failure>
        </test-case>
        <test-case start='1655106141550' status='passed' stop='1655106141552'>
            <name></name>
            <title></title>
            <labels>
                <label name='language' value='javascript'/>
                <label name='framework' value='wdio'/>
                <label name='thread' value='0-0'/>
            </labels>
            <parameters>
                <parameter kind='argument' name='browser' value='chrome-102.0.5005.63'/>
            </parameters>
            <steps/>
            <attachments/>
        </test-case>
    </test-cases>
</ns2:test-suite>