<?xml version='1.0'?>
<ns2:test-suite xmlns:ns2='urn:model.allure.qatools.yandex.ru' start='1654853159217' stop='1654853205716'>
    <name>Registration functionlity for AnswerConnect CA: Register in AnsewerConnect CA with valid data</name>
    <title>Registration functionlity for AnswerConnect CA: Register in AnsewerConnect CA with valid data</title>
    <test-cases>
        <test-case start='1654853159221' status='passed' stop='1654853159232'>
            <name></name>
            <title></title>
            <labels>
                <label name='language' value='javascript'/>
                <label name='framework' value='wdio'/>
                <label name='thread' value='0-0'/>
            </labels>
            <parameters>
                <parameter kind='argument' name='browser' value='chrome-102.0.5005.63'/>
            </parameters>
            <steps/>
            <attachments/>
        </test-case>
        <test-case start='1654853159233' status='passed' stop='1654853180663'>
            <name>Given I am on the home page and I Navigate to the Register page</name>
            <title>Given I am on the home page and I Navigate to the Register page</title>
            <labels>
                <label name='language' value='javascript'/>
                <label name='framework' value='wdio'/>
                <label name='thread' value='0-0'/>
            </labels>
            <parameters>
                <parameter kind='argument' name='browser' value='chrome-102.0.5005.63'/>
            </parameters>
            <steps/>
            <attachments/>
        </test-case>
        <test-case start='1654853180664' status='passed' stop='1654853186040'>
            <name>When I set the value for All mandantory fields</name>
            <title>When I set the value for All mandantory fields</title>
            <labels>
                <label name='language' value='javascript'/>
                <label name='framework' value='wdio'/>
                <label name='thread' value='0-0'/>
            </labels>
            <parameters>
                <parameter kind='argument' name='browser' value='chrome-102.0.5005.63'/>
            </parameters>
            <steps/>
            <attachments/>
        </test-case>
        <test-case start='1654853186041' status='failed' stop='1654853205707'>
            <name>Then I click the choose plan Button and verify the given details</name>
            <title>Then I click the choose plan Button and verify the given details</title>
            <labels>
                <label name='language' value='javascript'/>
                <label name='framework' value='wdio'/>
                <label name='thread' value='0-0'/>
            </labels>
            <parameters>
                <parameter kind='argument' name='browser' value='chrome-102.0.5005.63'/>
            </parameters>
            <steps/>
            <attachments/>
            <failure>
                <message>AssertionError</message>
                <stack-trace>AssertionError
                    + expected - actual
                
                    -Ansari
                    +Ansari 
                
                    at ChoosePlan_Singup.verify_All_RegistrationData_For_AnswerConnectUK (F:\LearnAutomationPractice\pageobjects\/signup.page.js:32:12)
                    at processTicksAndRejections (node:internal/process/task_queues:96:5)
                    at World.&lt;anonymous> (F:\LearnAutomationPractice\step-definitions\Registration\/AnswerConnectUK_Registration.js:20:3)</stack-trace>
            </failure>
        </test-case>
        <test-case start='1654853205711' status='passed' stop='1654853205714'>
            <name></name>
            <title></title>
            <labels>
                <label name='language' value='javascript'/>
                <label name='framework' value='wdio'/>
                <label name='thread' value='0-0'/>
            </labels>
            <parameters>
                <parameter kind='argument' name='browser' value='chrome-102.0.5005.63'/>
            </parameters>
            <steps/>
            <attachments/>
        </test-case>
    </test-cases>
</ns2:test-suite>