<?xml version='1.0'?>
<ns2:test-suite xmlns:ns2='urn:model.allure.qatools.yandex.ru' start='1653845409321' stop='1653845416623'>
    <name>Register , Registration functionlity for AnswerConnect US: Register in AnsewerConnect US with valid data</name>
    <title>Register , Registration functionlity for AnswerConnect US: Register in AnsewerConnect US with valid data</title>
    <test-cases>
        <test-case start='1653845409323' status='passed' stop='1653845409327'>
            <name></name>
            <title></title>
            <labels>
                <label name='language' value='javascript'/>
                <label name='framework' value='wdio'/>
                <label name='thread' value='0-0'/>
            </labels>
            <parameters>
                <parameter kind='argument' name='browser' value='chrome-102.0.5005.62'/>
            </parameters>
            <steps/>
            <attachments/>
        </test-case>
        <test-case start='1653845409327' status='passed' stop='1653845413009'>
            <name>Given I am on the home page</name>
            <title>Given I am on the home page</title>
            <labels>
                <label name='language' value='javascript'/>
                <label name='framework' value='wdio'/>
                <label name='thread' value='0-0'/>
            </labels>
            <parameters>
                <parameter kind='argument' name='browser' value='chrome-102.0.5005.62'/>
            </parameters>
            <steps/>
            <attachments/>
        </test-case>
        <test-case start='1653845413010' status='passed' stop='1653845416137'>
            <name>When I Navigate to the Register page and set the value for All mandantory fields</name>
            <title>When I Navigate to the Register page and set the value for All mandantory fields</title>
            <labels>
                <label name='language' value='javascript'/>
                <label name='framework' value='wdio'/>
                <label name='thread' value='0-0'/>
            </labels>
            <parameters>
                <parameter kind='argument' name='browser' value='chrome-102.0.5005.62'/>
            </parameters>
            <steps/>
            <attachments/>
        </test-case>
        <test-case start='1653845416138' status='failed' stop='1653845416615'>
            <name>Then I click the choose plan Button and verify the given details</name>
            <title>Then I click the choose plan Button and verify the given details</title>
            <labels>
                <label name='language' value='javascript'/>
                <label name='framework' value='wdio'/>
                <label name='thread' value='0-0'/>
            </labels>
            <parameters>
                <parameter kind='argument' name='browser' value='chrome-102.0.5005.62'/>
            </parameters>
            <steps/>
            <attachments/>
            <failure>
                <message>AssertionError: expected 'Ansari ' to equal Promise{…}</message>
                <stack-trace>AssertionError: expected 'Ansari ' to equal Promise{…}
                    at ChoosePlan_Singup.verify_All_RegistarionData_For_AC_US (F:\LearnAutomationPractice\pageobjects\/Plans.page.js:81:16)
                    at processTicksAndRejections (node:internal/process/task_queues:96:5)
                    at World.&lt;anonymous> (F:\LearnAutomationPractice\step-definitions\Registration\/AnswerConnectUS_Registration.js:21:8)</stack-trace>
            </failure>
        </test-case>
        <test-case start='1653845416616' status='passed' stop='1653845416618'>
            <name></name>
            <title></title>
            <labels>
                <label name='language' value='javascript'/>
                <label name='framework' value='wdio'/>
                <label name='thread' value='0-0'/>
            </labels>
            <parameters>
                <parameter kind='argument' name='browser' value='chrome-102.0.5005.62'/>
            </parameters>
            <steps/>
            <attachments/>
        </test-case>
    </test-cases>
</ns2:test-suite>