<?xml version='1.0'?>
<ns2:test-suite xmlns:ns2='urn:model.allure.qatools.yandex.ru' start='1653636085809' stop='1653636109013'>
    <name>Register , Registration functionlity for Answerforce: Register in AnsewerForce with valid data</name>
    <title>Register , Registration functionlity for Answerforce: Register in AnsewerForce with valid data</title>
    <test-cases>
        <test-case start='1653636085811' status='passed' stop='1653636085815'>
            <name></name>
            <title></title>
            <labels>
                <label name='language' value='javascript'/>
                <label name='framework' value='wdio'/>
                <label name='thread' value='0-0'/>
            </labels>
            <parameters>
                <parameter kind='argument' name='browser' value='chrome-102.0.5005.62'/>
            </parameters>
            <steps/>
            <attachments/>
        </test-case>
        <test-case start='1653636085815' status='passed' stop='1653636085830'>
            <name>Given I am on the home page</name>
            <title>Given I am on the home page</title>
            <labels>
                <label name='language' value='javascript'/>
                <label name='framework' value='wdio'/>
                <label name='thread' value='0-0'/>
            </labels>
            <parameters>
                <parameter kind='argument' name='browser' value='chrome-102.0.5005.62'/>
            </parameters>
            <steps/>
            <attachments/>
        </test-case>
        <test-case start='1653636085830' status='passed' stop='1653636094220'>
            <name>When I Navigate to the Register page and set the value for All mandantory fields</name>
            <title>When I Navigate to the Register page and set the value for All mandantory fields</title>
            <labels>
                <label name='language' value='javascript'/>
                <label name='framework' value='wdio'/>
                <label name='thread' value='0-0'/>
            </labels>
            <parameters>
                <parameter kind='argument' name='browser' value='chrome-102.0.5005.62'/>
            </parameters>
            <steps/>
            <attachments/>
        </test-case>
        <test-case start='1653636094220' status='failed' stop='1653636108995'>
            <name>Then I click the choose plan Button and verify the given details</name>
            <title>Then I click the choose plan Button and verify the given details</title>
            <labels>
                <label name='language' value='javascript'/>
                <label name='framework' value='wdio'/>
                <label name='thread' value='0-0'/>
            </labels>
            <parameters>
                <parameter kind='argument' name='browser' value='chrome-102.0.5005.62'/>
            </parameters>
            <steps/>
            <attachments/>
            <failure>
                <message>AssertionError</message>
                <stack-trace>AssertionError
                    + expected - actual
                
                    -Ansari
                    +Ansari 
                
                    at ChoosePlan_Singup.verify_All_RegistrationData_For_AnswerForce (F:\LearnAutomationPractice\pageobjects\/Plans.page.js:24:16)
                    at processTicksAndRejections (node:internal/process/task_queues:96:5)
                    at World.&lt;anonymous> (F:\LearnAutomationPractice\step-definitions\Registration\/AnswerForce_Register.js:26:2)</stack-trace>
            </failure>
        </test-case>
        <test-case start='1653636108998' status='passed' stop='1653636109002'>
            <name></name>
            <title></title>
            <labels>
                <label name='language' value='javascript'/>
                <label name='framework' value='wdio'/>
                <label name='thread' value='0-0'/>
            </labels>
            <parameters>
                <parameter kind='argument' name='browser' value='chrome-102.0.5005.62'/>
            </parameters>
            <steps/>
            <attachments/>
        </test-case>
    </test-cases>
</ns2:test-suite>